{"/home/jacobvdang/401/basic-api-server/src/server.js": {"path":"/home/jacobvdang/401/basic-api-server/src/server.js","statementMap":{"0":{"start":{"line":7,"column":0},"end":{"line":7,"column":27}},"1":{"start":{"line":8,"column":16},"end":{"line":8,"column":34}},"2":{"start":{"line":9,"column":13},"end":{"line":9,"column":28}},"3":{"start":{"line":10,"column":17},"end":{"line":10,"column":42}},"4":{"start":{"line":11,"column":21},"end":{"line":11,"column":46}},"5":{"start":{"line":12,"column":13},"end":{"line":12,"column":37}},"6":{"start":{"line":13,"column":21},"end":{"line":13,"column":48}},"7":{"start":{"line":14,"column":20},"end":{"line":14,"column":46}},"8":{"start":{"line":16,"column":12},"end":{"line":16,"column":21}},"9":{"start":{"line":17,"column":0},"end":{"line":17,"column":16}},"10":{"start":{"line":18,"column":0},"end":{"line":18,"column":24}},"11":{"start":{"line":19,"column":0},"end":{"line":19,"column":22}},"12":{"start":{"line":20,"column":0},"end":{"line":20,"column":21}},"13":{"start":{"line":24,"column":0},"end":{"line":26,"column":3}},"14":{"start":{"line":25,"column":4},"end":{"line":25,"column":41}},"15":{"start":{"line":29,"column":0},"end":{"line":29,"column":23}},"16":{"start":{"line":30,"column":0},"end":{"line":30,"column":22}},"17":{"start":{"line":33,"column":4},"end":{"line":33,"column":66}},"18":{"start":{"line":33,"column":27},"end":{"line":33,"column":65}},"19":{"start":{"line":36,"column":0},"end":{"line":36,"column":31}}},"fnMap":{"0":{"name":"(anonymous_0)","decl":{"start":{"line":24,"column":13},"end":{"line":24,"column":14}},"loc":{"start":{"line":24,"column":33},"end":{"line":26,"column":1}},"line":24},"1":{"name":"start","decl":{"start":{"line":32,"column":9},"end":{"line":32,"column":14}},"loc":{"start":{"line":32,"column":16},"end":{"line":34,"column":1}},"line":32},"2":{"name":"(anonymous_2)","decl":{"start":{"line":33,"column":21},"end":{"line":33,"column":22}},"loc":{"start":{"line":33,"column":27},"end":{"line":33,"column":65}},"line":33}},"branchMap":{"0":{"loc":{"start":{"line":12,"column":13},"end":{"line":12,"column":37}},"type":"binary-expr","locations":[{"start":{"line":12,"column":13},"end":{"line":12,"column":29}},{"start":{"line":12,"column":33},"end":{"line":12,"column":37}}],"line":12}},"s":{"0":1,"1":1,"2":1,"3":1,"4":1,"5":1,"6":1,"7":1,"8":1,"9":1,"10":1,"11":1,"12":1,"13":1,"14":0,"15":1,"16":1,"17":0,"18":0,"19":1},"f":{"0":0,"1":0,"2":0},"b":{"0":[1,0]},"_coverageSchema":"1a1c01bbd47fc00a2c39e90264f33305004495a9","hash":"54a038733c6653d3da9e43076482cc4d605650af"}
,"/home/jacobvdang/401/basic-api-server/src/handlers/404.js": {"path":"/home/jacobvdang/401/basic-api-server/src/handlers/404.js","statementMap":{"0":{"start":{"line":3,"column":0},"end":{"line":10,"column":1}},"1":{"start":{"line":4,"column":4},"end":{"line":8,"column":7}}},"fnMap":{"0":{"name":"(anonymous_0)","decl":{"start":{"line":3,"column":17},"end":{"line":3,"column":18}},"loc":{"start":{"line":3,"column":37},"end":{"line":10,"column":1}},"line":3}},"branchMap":{},"s":{"0":1,"1":1},"f":{"0":1},"b":{},"_coverageSchema":"1a1c01bbd47fc00a2c39e90264f33305004495a9","hash":"a272ba0345b7c80aec045e0779502648a286cb6a"}
,"/home/jacobvdang/401/basic-api-server/src/handlers/500.js": {"path":"/home/jacobvdang/401/basic-api-server/src/handlers/500.js","statementMap":{"0":{"start":{"line":3,"column":0},"end":{"line":13,"column":1}},"1":{"start":{"line":4,"column":23},"end":{"line":4,"column":73}},"2":{"start":{"line":5,"column":4},"end":{"line":12,"column":3}}},"fnMap":{"0":{"name":"(anonymous_0)","decl":{"start":{"line":3,"column":17},"end":{"line":3,"column":18}},"loc":{"start":{"line":3,"column":44},"end":{"line":13,"column":1}},"line":3}},"branchMap":{"0":{"loc":{"start":{"line":4,"column":23},"end":{"line":4,"column":73}},"type":"cond-expr","locations":[{"start":{"line":4,"column":52},"end":{"line":4,"column":57}},{"start":{"line":4,"column":60},"end":{"line":4,"column":73}}],"line":4}},"s":{"0":1,"1":2,"2":2},"f":{"0":2},"b":{"0":[0,2]},"_coverageSchema":"1a1c01bbd47fc00a2c39e90264f33305004495a9","hash":"c8decd068f49d28b988f0cbb080559bebb55f2da"}
,"/home/jacobvdang/401/basic-api-server/src/middleware/logger.js": {"path":"/home/jacobvdang/401/basic-api-server/src/middleware/logger.js","statementMap":{"0":{"start":{"line":3,"column":0},"end":{"line":6,"column":2}},"1":{"start":{"line":4,"column":4},"end":{"line":4,"column":35}},"2":{"start":{"line":5,"column":4},"end":{"line":5,"column":11}}},"fnMap":{"0":{"name":"(anonymous_0)","decl":{"start":{"line":3,"column":17},"end":{"line":3,"column":18}},"loc":{"start":{"line":3,"column":37},"end":{"line":6,"column":1}},"line":3}},"branchMap":{},"s":{"0":1,"1":2,"2":2},"f":{"0":2},"b":{},"_coverageSchema":"1a1c01bbd47fc00a2c39e90264f33305004495a9","hash":"82f091da9b0ddb716b850357a9ab9e8e3be80a96"}
,"/home/jacobvdang/401/basic-api-server/src/models/index.js": {"path":"/home/jacobvdang/401/basic-api-server/src/models/index.js","statementMap":{"0":{"start":{"line":6,"column":0},"end":{"line":6,"column":27}},"1":{"start":{"line":7,"column":33},"end":{"line":7,"column":54}},"2":{"start":{"line":8,"column":23},"end":{"line":8,"column":51}},"3":{"start":{"line":9,"column":21},"end":{"line":9,"column":48}},"4":{"start":{"line":10,"column":20},"end":{"line":10,"column":46}},"5":{"start":{"line":14,"column":21},"end":{"line":16,"column":30}},"6":{"start":{"line":21,"column":20},"end":{"line":28,"column":2}},"7":{"start":{"line":30,"column":20},"end":{"line":30,"column":56}},"8":{"start":{"line":31,"column":19},"end":{"line":31,"column":54}},"9":{"start":{"line":34,"column":0},"end":{"line":34,"column":32}},"10":{"start":{"line":35,"column":0},"end":{"line":35,"column":34}},"11":{"start":{"line":37,"column":0},"end":{"line":42,"column":2}}},"fnMap":{},"branchMap":{"0":{"loc":{"start":{"line":14,"column":21},"end":{"line":16,"column":30}},"type":"cond-expr","locations":[{"start":{"line":15,"column":6},"end":{"line":15,"column":22}},{"start":{"line":16,"column":6},"end":{"line":16,"column":30}}],"line":14}},"s":{"0":1,"1":1,"2":1,"3":1,"4":1,"5":1,"6":1,"7":1,"8":1,"9":1,"10":1,"11":1},"f":{},"b":{"0":[1,0]},"_coverageSchema":"1a1c01bbd47fc00a2c39e90264f33305004495a9","hash":"5fa4fd24dcad28c7840e37bfcb02b7bfe4de74c4"}
,"/home/jacobvdang/401/basic-api-server/src/models/modelInterface.js": {"path":"/home/jacobvdang/401/basic-api-server/src/models/modelInterface.js","statementMap":{"0":{"start":{"line":5,"column":8},"end":{"line":5,"column":27}},"1":{"start":{"line":12,"column":8},"end":{"line":19,"column":9}},"2":{"start":{"line":14,"column":23},"end":{"line":14,"column":52}},"3":{"start":{"line":15,"column":10},"end":{"line":15,"column":24}},"4":{"start":{"line":17,"column":12},"end":{"line":17,"column":68}},"5":{"start":{"line":18,"column":12},"end":{"line":18,"column":21}},"6":{"start":{"line":23,"column":8},"end":{"line":37,"column":9}},"7":{"start":{"line":26,"column":10},"end":{"line":32,"column":11}},"8":{"start":{"line":29,"column":12},"end":{"line":29,"column":64}},"9":{"start":{"line":31,"column":12},"end":{"line":31,"column":48}},"10":{"start":{"line":33,"column":12},"end":{"line":33,"column":26}},"11":{"start":{"line":35,"column":12},"end":{"line":35,"column":66}},"12":{"start":{"line":36,"column":12},"end":{"line":36,"column":21}},"13":{"start":{"line":41,"column":8},"end":{"line":47,"column":9}},"14":{"start":{"line":42,"column":25},"end":{"line":42,"column":83}},"15":{"start":{"line":43,"column":12},"end":{"line":43,"column":25}},"16":{"start":{"line":45,"column":12},"end":{"line":45,"column":60}},"17":{"start":{"line":46,"column":12},"end":{"line":46,"column":21}},"18":{"start":{"line":53,"column":8},"end":{"line":60,"column":9}},"19":{"start":{"line":54,"column":12},"end":{"line":54,"column":59}},"20":{"start":{"line":55,"column":25},"end":{"line":55,"column":67}},"21":{"start":{"line":56,"column":12},"end":{"line":56,"column":25}},"22":{"start":{"line":58,"column":12},"end":{"line":58,"column":68}},"23":{"start":{"line":59,"column":12},"end":{"line":59,"column":21}},"24":{"start":{"line":66,"column":0},"end":{"line":66,"column":31}}},"fnMap":{"0":{"name":"(anonymous_0)","decl":{"start":{"line":4,"column":4},"end":{"line":4,"column":5}},"loc":{"start":{"line":4,"column":22},"end":{"line":6,"column":5}},"line":4},"1":{"name":"(anonymous_1)","decl":{"start":{"line":10,"column":4},"end":{"line":10,"column":5}},"loc":{"start":{"line":10,"column":22},"end":{"line":20,"column":5}},"line":10},"2":{"name":"(anonymous_2)","decl":{"start":{"line":22,"column":4},"end":{"line":22,"column":5}},"loc":{"start":{"line":22,"column":25},"end":{"line":38,"column":5}},"line":22},"3":{"name":"(anonymous_3)","decl":{"start":{"line":40,"column":4},"end":{"line":40,"column":5}},"loc":{"start":{"line":40,"column":34},"end":{"line":48,"column":5}},"line":40},"4":{"name":"(anonymous_4)","decl":{"start":{"line":50,"column":4},"end":{"line":50,"column":5}},"loc":{"start":{"line":50,"column":26},"end":{"line":63,"column":5}},"line":50}},"branchMap":{"0":{"loc":{"start":{"line":22,"column":15},"end":{"line":22,"column":24}},"type":"default-arg","locations":[{"start":{"line":22,"column":20},"end":{"line":22,"column":24}}],"line":22},"1":{"loc":{"start":{"line":26,"column":10},"end":{"line":32,"column":11}},"type":"if","locations":[{"start":{"line":26,"column":10},"end":{"line":32,"column":11}},{"start":{"line":30,"column":18},"end":{"line":32,"column":11}}],"line":26}},"s":{"0":2,"1":1,"2":1,"3":1,"4":0,"5":0,"6":4,"7":4,"8":0,"9":4,"10":4,"11":0,"12":0,"13":0,"14":0,"15":0,"16":0,"17":0,"18":1,"19":1,"20":1,"21":0,"22":1,"23":1,"24":1},"f":{"0":2,"1":1,"2":4,"3":0,"4":1},"b":{"0":[2],"1":[0,4]},"_coverageSchema":"1a1c01bbd47fc00a2c39e90264f33305004495a9","hash":"9512805a046b01552ce86514ae700b2c984cd980"}
,"/home/jacobvdang/401/basic-api-server/src/models/players.schema.js": {"path":"/home/jacobvdang/401/basic-api-server/src/models/players.schema.js","statementMap":{"0":{"start":{"line":3,"column":0},"end":{"line":19,"column":2}},"1":{"start":{"line":4,"column":4},"end":{"line":18,"column":7}}},"fnMap":{"0":{"name":"(anonymous_0)","decl":{"start":{"line":3,"column":17},"end":{"line":3,"column":18}},"loc":{"start":{"line":3,"column":45},"end":{"line":19,"column":1}},"line":3}},"branchMap":{},"s":{"0":1,"1":1},"f":{"0":1},"b":{},"_coverageSchema":"1a1c01bbd47fc00a2c39e90264f33305004495a9","hash":"7e8bc92ce20815c2ec013f7c0fcaa4d30d426b68"}
,"/home/jacobvdang/401/basic-api-server/src/models/quests.schema.js": {"path":"/home/jacobvdang/401/basic-api-server/src/models/quests.schema.js","statementMap":{"0":{"start":{"line":3,"column":0},"end":{"line":18,"column":2}},"1":{"start":{"line":4,"column":4},"end":{"line":17,"column":7}}},"fnMap":{"0":{"name":"(anonymous_0)","decl":{"start":{"line":3,"column":17},"end":{"line":3,"column":18}},"loc":{"start":{"line":3,"column":45},"end":{"line":18,"column":1}},"line":3}},"branchMap":{},"s":{"0":1,"1":1},"f":{"0":1},"b":{},"_coverageSchema":"1a1c01bbd47fc00a2c39e90264f33305004495a9","hash":"938c852ed6c8f8f9d771007ef2be3cba71eca1b4"}
,"/home/jacobvdang/401/basic-api-server/src/routes/players.js": {"path":"/home/jacobvdang/401/basic-api-server/src/routes/players.js","statementMap":{"0":{"start":{"line":6,"column":16},"end":{"line":6,"column":34}},"1":{"start":{"line":9,"column":24},"end":{"line":9,"column":50}},"2":{"start":{"line":10,"column":43},"end":{"line":10,"column":63}},"3":{"start":{"line":12,"column":15},"end":{"line":12,"column":31}},"4":{"start":{"line":17,"column":0},"end":{"line":24,"column":3}},"5":{"start":{"line":18,"column":4},"end":{"line":23,"column":5}},"6":{"start":{"line":19,"column":26},"end":{"line":19,"column":64}},"7":{"start":{"line":20,"column":8},"end":{"line":20,"column":40}},"8":{"start":{"line":22,"column":8},"end":{"line":22,"column":20}},"9":{"start":{"line":27,"column":0},"end":{"line":35,"column":3}},"10":{"start":{"line":28,"column":4},"end":{"line":34,"column":5}},"11":{"start":{"line":29,"column":17},"end":{"line":29,"column":40}},"12":{"start":{"line":30,"column":29},"end":{"line":30,"column":59}},"13":{"start":{"line":31,"column":8},"end":{"line":31,"column":43}},"14":{"start":{"line":33,"column":8},"end":{"line":33,"column":20}},"15":{"start":{"line":37,"column":0},"end":{"line":41,"column":2}},"16":{"start":{"line":38,"column":13},"end":{"line":38,"column":26}},"17":{"start":{"line":39,"column":29},"end":{"line":39,"column":90}},"18":{"start":{"line":40,"column":4},"end":{"line":40,"column":43}},"19":{"start":{"line":44,"column":0},"end":{"line":51,"column":3}},"20":{"start":{"line":45,"column":4},"end":{"line":50,"column":5}},"21":{"start":{"line":46,"column":23},"end":{"line":46,"column":51}},"22":{"start":{"line":47,"column":8},"end":{"line":47,"column":37}},"23":{"start":{"line":49,"column":8},"end":{"line":49,"column":20}},"24":{"start":{"line":54,"column":0},"end":{"line":64,"column":3}},"25":{"start":{"line":55,"column":4},"end":{"line":63,"column":5}},"26":{"start":{"line":56,"column":17},"end":{"line":56,"column":40}},"27":{"start":{"line":57,"column":19},"end":{"line":57,"column":27}},"28":{"start":{"line":58,"column":25},"end":{"line":58,"column":57}},"29":{"start":{"line":59,"column":30},"end":{"line":59,"column":57}},"30":{"start":{"line":60,"column":8},"end":{"line":60,"column":44}},"31":{"start":{"line":62,"column":8},"end":{"line":62,"column":20}},"32":{"start":{"line":68,"column":0},"end":{"line":76,"column":3}},"33":{"start":{"line":69,"column":4},"end":{"line":75,"column":5}},"34":{"start":{"line":70,"column":17},"end":{"line":70,"column":40}},"35":{"start":{"line":71,"column":29},"end":{"line":71,"column":73}},"36":{"start":{"line":72,"column":8},"end":{"line":72,"column":43}},"37":{"start":{"line":74,"column":8},"end":{"line":74,"column":19}},"38":{"start":{"line":78,"column":0},"end":{"line":78,"column":24}}},"fnMap":{"0":{"name":"(anonymous_0)","decl":{"start":{"line":17,"column":24},"end":{"line":17,"column":25}},"loc":{"start":{"line":17,"column":50},"end":{"line":24,"column":1}},"line":17},"1":{"name":"(anonymous_1)","decl":{"start":{"line":27,"column":27},"end":{"line":27,"column":28}},"loc":{"start":{"line":27,"column":53},"end":{"line":35,"column":1}},"line":27},"2":{"name":"(anonymous_2)","decl":{"start":{"line":37,"column":37},"end":{"line":37,"column":38}},"loc":{"start":{"line":37,"column":62},"end":{"line":41,"column":1}},"line":37},"3":{"name":"(anonymous_3)","decl":{"start":{"line":44,"column":23},"end":{"line":44,"column":24}},"loc":{"start":{"line":44,"column":49},"end":{"line":51,"column":1}},"line":44},"4":{"name":"(anonymous_4)","decl":{"start":{"line":54,"column":27},"end":{"line":54,"column":28}},"loc":{"start":{"line":54,"column":53},"end":{"line":64,"column":1}},"line":54},"5":{"name":"(anonymous_5)","decl":{"start":{"line":68,"column":30},"end":{"line":68,"column":31}},"loc":{"start":{"line":68,"column":56},"end":{"line":76,"column":1}},"line":68}},"branchMap":{},"s":{"0":1,"1":1,"2":1,"3":1,"4":1,"5":1,"6":1,"7":1,"8":0,"9":1,"10":2,"11":2,"12":2,"13":2,"14":0,"15":1,"16":0,"17":0,"18":0,"19":1,"20":2,"21":2,"22":2,"23":0,"24":1,"25":1,"26":1,"27":1,"28":1,"29":1,"30":0,"31":1,"32":1,"33":1,"34":1,"35":1,"36":1,"37":1,"38":1},"f":{"0":1,"1":2,"2":0,"3":2,"4":1,"5":1},"b":{},"_coverageSchema":"1a1c01bbd47fc00a2c39e90264f33305004495a9","hash":"570e8e04176aec6499e10fd7f153321f52f56809"}
,"/home/jacobvdang/401/basic-api-server/src/routes/quests.js": {"path":"/home/jacobvdang/401/basic-api-server/src/routes/quests.js","statementMap":{"0":{"start":{"line":6,"column":16},"end":{"line":6,"column":34}},"1":{"start":{"line":7,"column":27},"end":{"line":7,"column":48}},"2":{"start":{"line":8,"column":15},"end":{"line":8,"column":31}},"3":{"start":{"line":13,"column":0},"end":{"line":20,"column":3}},"4":{"start":{"line":14,"column":4},"end":{"line":19,"column":5}},"5":{"start":{"line":15,"column":25},"end":{"line":15,"column":62}},"6":{"start":{"line":16,"column":8},"end":{"line":16,"column":39}},"7":{"start":{"line":18,"column":8},"end":{"line":18,"column":20}},"8":{"start":{"line":23,"column":0},"end":{"line":31,"column":3}},"9":{"start":{"line":24,"column":4},"end":{"line":30,"column":5}},"10":{"start":{"line":25,"column":17},"end":{"line":25,"column":40}},"11":{"start":{"line":26,"column":28},"end":{"line":26,"column":57}},"12":{"start":{"line":27,"column":8},"end":{"line":27,"column":42}},"13":{"start":{"line":29,"column":8},"end":{"line":29,"column":20}},"14":{"start":{"line":34,"column":0},"end":{"line":41,"column":3}},"15":{"start":{"line":35,"column":4},"end":{"line":40,"column":5}},"16":{"start":{"line":36,"column":22},"end":{"line":36,"column":49}},"17":{"start":{"line":37,"column":8},"end":{"line":37,"column":36}},"18":{"start":{"line":39,"column":8},"end":{"line":39,"column":20}},"19":{"start":{"line":43,"column":0},"end":{"line":43,"column":24}}},"fnMap":{"0":{"name":"(anonymous_0)","decl":{"start":{"line":13,"column":23},"end":{"line":13,"column":24}},"loc":{"start":{"line":13,"column":49},"end":{"line":20,"column":1}},"line":13},"1":{"name":"(anonymous_1)","decl":{"start":{"line":23,"column":26},"end":{"line":23,"column":27}},"loc":{"start":{"line":23,"column":52},"end":{"line":31,"column":1}},"line":23},"2":{"name":"(anonymous_2)","decl":{"start":{"line":34,"column":22},"end":{"line":34,"column":23}},"loc":{"start":{"line":34,"column":48},"end":{"line":41,"column":1}},"line":34}},"branchMap":{},"s":{"0":1,"1":1,"2":1,"3":1,"4":0,"5":0,"6":0,"7":0,"8":1,"9":0,"10":0,"11":0,"12":0,"13":0,"14":1,"15":0,"16":0,"17":0,"18":0,"19":1},"f":{"0":0,"1":0,"2":0},"b":{},"_coverageSchema":"1a1c01bbd47fc00a2c39e90264f33305004495a9","hash":"11b8b08c4553449474cc8d2c5a612024a5616fdc"}
}
