{"/home/jacobvdang/401/basic-api-server/src/server.js": {"path":"/home/jacobvdang/401/basic-api-server/src/server.js","statementMap":{"0":{"start":{"line":7,"column":0},"end":{"line":7,"column":27}},"1":{"start":{"line":8,"column":16},"end":{"line":8,"column":34}},"2":{"start":{"line":9,"column":13},"end":{"line":9,"column":28}},"3":{"start":{"line":10,"column":17},"end":{"line":10,"column":42}},"4":{"start":{"line":11,"column":21},"end":{"line":11,"column":46}},"5":{"start":{"line":12,"column":13},"end":{"line":12,"column":37}},"6":{"start":{"line":13,"column":21},"end":{"line":13,"column":48}},"7":{"start":{"line":15,"column":12},"end":{"line":15,"column":21}},"8":{"start":{"line":16,"column":0},"end":{"line":16,"column":16}},"9":{"start":{"line":17,"column":0},"end":{"line":17,"column":24}},"10":{"start":{"line":18,"column":0},"end":{"line":18,"column":22}},"11":{"start":{"line":22,"column":0},"end":{"line":24,"column":3}},"12":{"start":{"line":23,"column":4},"end":{"line":23,"column":41}},"13":{"start":{"line":27,"column":0},"end":{"line":27,"column":23}},"14":{"start":{"line":28,"column":0},"end":{"line":28,"column":22}},"15":{"start":{"line":31,"column":4},"end":{"line":31,"column":66}},"16":{"start":{"line":31,"column":27},"end":{"line":31,"column":65}},"17":{"start":{"line":34,"column":0},"end":{"line":34,"column":31}}},"fnMap":{"0":{"name":"(anonymous_0)","decl":{"start":{"line":22,"column":13},"end":{"line":22,"column":14}},"loc":{"start":{"line":22,"column":33},"end":{"line":24,"column":1}},"line":22},"1":{"name":"start","decl":{"start":{"line":30,"column":9},"end":{"line":30,"column":14}},"loc":{"start":{"line":30,"column":16},"end":{"line":32,"column":1}},"line":30},"2":{"name":"(anonymous_2)","decl":{"start":{"line":31,"column":21},"end":{"line":31,"column":22}},"loc":{"start":{"line":31,"column":27},"end":{"line":31,"column":65}},"line":31}},"branchMap":{"0":{"loc":{"start":{"line":12,"column":13},"end":{"line":12,"column":37}},"type":"binary-expr","locations":[{"start":{"line":12,"column":13},"end":{"line":12,"column":29}},{"start":{"line":12,"column":33},"end":{"line":12,"column":37}}],"line":12}},"s":{"0":1,"1":1,"2":1,"3":1,"4":1,"5":1,"6":1,"7":1,"8":1,"9":1,"10":1,"11":1,"12":0,"13":1,"14":1,"15":0,"16":0,"17":1},"f":{"0":0,"1":0,"2":0},"b":{"0":[1,0]},"_coverageSchema":"1a1c01bbd47fc00a2c39e90264f33305004495a9","hash":"abe73aad0bbeab640343ef860333911b238cb209"}
,"/home/jacobvdang/401/basic-api-server/src/handlers/404.js": {"path":"/home/jacobvdang/401/basic-api-server/src/handlers/404.js","statementMap":{"0":{"start":{"line":3,"column":0},"end":{"line":10,"column":1}},"1":{"start":{"line":4,"column":4},"end":{"line":8,"column":7}}},"fnMap":{"0":{"name":"(anonymous_0)","decl":{"start":{"line":3,"column":17},"end":{"line":3,"column":18}},"loc":{"start":{"line":3,"column":37},"end":{"line":10,"column":1}},"line":3}},"branchMap":{},"s":{"0":1,"1":3},"f":{"0":3},"b":{},"_coverageSchema":"1a1c01bbd47fc00a2c39e90264f33305004495a9","hash":"a272ba0345b7c80aec045e0779502648a286cb6a"}
,"/home/jacobvdang/401/basic-api-server/src/handlers/500.js": {"path":"/home/jacobvdang/401/basic-api-server/src/handlers/500.js","statementMap":{"0":{"start":{"line":3,"column":0},"end":{"line":13,"column":1}},"1":{"start":{"line":4,"column":23},"end":{"line":4,"column":73}},"2":{"start":{"line":5,"column":4},"end":{"line":12,"column":3}}},"fnMap":{"0":{"name":"(anonymous_0)","decl":{"start":{"line":3,"column":17},"end":{"line":3,"column":18}},"loc":{"start":{"line":3,"column":44},"end":{"line":13,"column":1}},"line":3}},"branchMap":{"0":{"loc":{"start":{"line":4,"column":23},"end":{"line":4,"column":73}},"type":"cond-expr","locations":[{"start":{"line":4,"column":52},"end":{"line":4,"column":57}},{"start":{"line":4,"column":60},"end":{"line":4,"column":73}}],"line":4}},"s":{"0":1,"1":0,"2":0},"f":{"0":0},"b":{"0":[0,0]},"_coverageSchema":"1a1c01bbd47fc00a2c39e90264f33305004495a9","hash":"c8decd068f49d28b988f0cbb080559bebb55f2da"}
,"/home/jacobvdang/401/basic-api-server/src/middleware/logger.js": {"path":"/home/jacobvdang/401/basic-api-server/src/middleware/logger.js","statementMap":{"0":{"start":{"line":3,"column":0},"end":{"line":6,"column":2}},"1":{"start":{"line":4,"column":4},"end":{"line":4,"column":35}},"2":{"start":{"line":5,"column":4},"end":{"line":5,"column":11}}},"fnMap":{"0":{"name":"(anonymous_0)","decl":{"start":{"line":3,"column":17},"end":{"line":3,"column":18}},"loc":{"start":{"line":3,"column":37},"end":{"line":6,"column":1}},"line":3}},"branchMap":{},"s":{"0":1,"1":2,"2":2},"f":{"0":2},"b":{},"_coverageSchema":"1a1c01bbd47fc00a2c39e90264f33305004495a9","hash":"82f091da9b0ddb716b850357a9ab9e8e3be80a96"}
,"/home/jacobvdang/401/basic-api-server/src/models/index.js": {"path":"/home/jacobvdang/401/basic-api-server/src/models/index.js","statementMap":{"0":{"start":{"line":6,"column":0},"end":{"line":6,"column":27}},"1":{"start":{"line":7,"column":33},"end":{"line":7,"column":54}},"2":{"start":{"line":9,"column":21},"end":{"line":9,"column":48}},"3":{"start":{"line":13,"column":21},"end":{"line":15,"column":30}},"4":{"start":{"line":20,"column":20},"end":{"line":27,"column":2}},"5":{"start":{"line":32,"column":20},"end":{"line":32,"column":56}},"6":{"start":{"line":34,"column":0},"end":{"line":37,"column":2}}},"fnMap":{},"branchMap":{"0":{"loc":{"start":{"line":13,"column":21},"end":{"line":15,"column":30}},"type":"cond-expr","locations":[{"start":{"line":14,"column":6},"end":{"line":14,"column":22}},{"start":{"line":15,"column":6},"end":{"line":15,"column":30}}],"line":13}},"s":{"0":1,"1":1,"2":1,"3":1,"4":1,"5":1,"6":1},"f":{},"b":{"0":[1,0]},"_coverageSchema":"1a1c01bbd47fc00a2c39e90264f33305004495a9","hash":"77482698dd672e0579c2e8caea33b8d212bfa75e"}
,"/home/jacobvdang/401/basic-api-server/src/models/players.schema.js": {"path":"/home/jacobvdang/401/basic-api-server/src/models/players.schema.js","statementMap":{"0":{"start":{"line":3,"column":0},"end":{"line":19,"column":2}},"1":{"start":{"line":4,"column":4},"end":{"line":18,"column":7}}},"fnMap":{"0":{"name":"(anonymous_0)","decl":{"start":{"line":3,"column":17},"end":{"line":3,"column":18}},"loc":{"start":{"line":3,"column":45},"end":{"line":19,"column":1}},"line":3}},"branchMap":{},"s":{"0":1,"1":1},"f":{"0":1},"b":{},"_coverageSchema":"1a1c01bbd47fc00a2c39e90264f33305004495a9","hash":"7e8bc92ce20815c2ec013f7c0fcaa4d30d426b68"}
,"/home/jacobvdang/401/basic-api-server/src/routes/players.js": {"path":"/home/jacobvdang/401/basic-api-server/src/routes/players.js","statementMap":{"0":{"start":{"line":6,"column":16},"end":{"line":6,"column":34}},"1":{"start":{"line":7,"column":24},"end":{"line":7,"column":50}},"2":{"start":{"line":9,"column":15},"end":{"line":9,"column":31}},"3":{"start":{"line":13,"column":0},"end":{"line":22,"column":3}},"4":{"start":{"line":14,"column":4},"end":{"line":21,"column":5}},"5":{"start":{"line":15,"column":21},"end":{"line":15,"column":48}},"6":{"start":{"line":16,"column":6},"end":{"line":16,"column":35}},"7":{"start":{"line":18,"column":8},"end":{"line":18,"column":40}},"8":{"start":{"line":19,"column":8},"end":{"line":19,"column":27}},"9":{"start":{"line":20,"column":8},"end":{"line":20,"column":20}},"10":{"start":{"line":25,"column":0},"end":{"line":33,"column":3}},"11":{"start":{"line":26,"column":4},"end":{"line":32,"column":5}},"12":{"start":{"line":27,"column":15},"end":{"line":27,"column":38}},"13":{"start":{"line":28,"column":27},"end":{"line":28,"column":71}},"14":{"start":{"line":29,"column":6},"end":{"line":29,"column":41}},"15":{"start":{"line":31,"column":8},"end":{"line":31,"column":20}},"16":{"start":{"line":37,"column":0},"end":{"line":44,"column":3}},"17":{"start":{"line":38,"column":4},"end":{"line":43,"column":7}},"18":{"start":{"line":39,"column":26},"end":{"line":39,"column":60}},"19":{"start":{"line":40,"column":8},"end":{"line":40,"column":40}},"20":{"start":{"line":42,"column":10},"end":{"line":42,"column":22}},"21":{"start":{"line":47,"column":0},"end":{"line":57,"column":3}},"22":{"start":{"line":48,"column":4},"end":{"line":56,"column":7}},"23":{"start":{"line":49,"column":17},"end":{"line":49,"column":40}},"24":{"start":{"line":50,"column":19},"end":{"line":50,"column":27}},"25":{"start":{"line":51,"column":25},"end":{"line":51,"column":69}},"26":{"start":{"line":52,"column":30},"end":{"line":52,"column":57}},"27":{"start":{"line":53,"column":8},"end":{"line":53,"column":44}},"28":{"start":{"line":55,"column":10},"end":{"line":55,"column":22}},"29":{"start":{"line":61,"column":0},"end":{"line":69,"column":3}},"30":{"start":{"line":62,"column":4},"end":{"line":68,"column":5}},"31":{"start":{"line":63,"column":15},"end":{"line":63,"column":38}},"32":{"start":{"line":64,"column":27},"end":{"line":64,"column":70}},"33":{"start":{"line":65,"column":6},"end":{"line":65,"column":29}},"34":{"start":{"line":67,"column":8},"end":{"line":67,"column":19}},"35":{"start":{"line":71,"column":0},"end":{"line":71,"column":24}}},"fnMap":{"0":{"name":"(anonymous_0)","decl":{"start":{"line":13,"column":23},"end":{"line":13,"column":24}},"loc":{"start":{"line":13,"column":50},"end":{"line":22,"column":1}},"line":13},"1":{"name":"(anonymous_1)","decl":{"start":{"line":25,"column":27},"end":{"line":25,"column":28}},"loc":{"start":{"line":25,"column":54},"end":{"line":33,"column":1}},"line":25},"2":{"name":"(anonymous_2)","decl":{"start":{"line":37,"column":24},"end":{"line":37,"column":25}},"loc":{"start":{"line":37,"column":50},"end":{"line":44,"column":1}},"line":37},"3":{"name":"(anonymous_3)","decl":{"start":{"line":47,"column":27},"end":{"line":47,"column":28}},"loc":{"start":{"line":47,"column":53},"end":{"line":57,"column":1}},"line":47},"4":{"name":"(anonymous_4)","decl":{"start":{"line":61,"column":30},"end":{"line":61,"column":31}},"loc":{"start":{"line":61,"column":56},"end":{"line":69,"column":1}},"line":61}},"branchMap":{},"s":{"0":1,"1":1,"2":1,"3":1,"4":0,"5":0,"6":0,"7":0,"8":0,"9":0,"10":1,"11":1,"12":1,"13":1,"14":1,"15":0,"16":1,"17":0,"18":0,"19":0,"20":0,"21":1,"22":0,"23":0,"24":0,"25":0,"26":0,"27":0,"28":0,"29":1,"30":0,"31":0,"32":0,"33":0,"34":0,"35":1},"f":{"0":0,"1":1,"2":0,"3":0,"4":0},"b":{},"_coverageSchema":"1a1c01bbd47fc00a2c39e90264f33305004495a9","hash":"7ce24e957313a1184f651f7302aa46ce83c10725"}
}
