TN:
SF:src/server.js
FN:22,(anonymous_0)
FN:30,start
FN:31,(anonymous_2)
FNF:3
FNH:0
FNDA:0,(anonymous_0)
FNDA:0,start
FNDA:0,(anonymous_2)
DA:7,1
DA:8,1
DA:9,1
DA:10,1
DA:11,1
DA:12,1
DA:13,1
DA:15,1
DA:16,1
DA:17,1
DA:18,1
DA:22,1
DA:23,0
DA:27,1
DA:28,1
DA:31,0
DA:34,1
LF:17
LH:15
BRDA:12,0,0,1
BRDA:12,0,1,0
BRF:2
BRH:1
end_of_record
TN:
SF:src/handlers/404.js
FN:3,(anonymous_0)
FNF:1
FNH:1
FNDA:3,(anonymous_0)
DA:3,1
DA:4,3
LF:2
LH:2
BRF:0
BRH:0
end_of_record
TN:
SF:src/handlers/500.js
FN:3,(anonymous_0)
FNF:1
FNH:0
FNDA:0,(anonymous_0)
DA:3,1
DA:4,0
DA:5,0
LF:3
LH:1
BRDA:4,0,0,0
BRDA:4,0,1,0
BRF:2
BRH:0
end_of_record
TN:
SF:src/middleware/logger.js
FN:3,(anonymous_0)
FNF:1
FNH:1
FNDA:2,(anonymous_0)
DA:3,1
DA:4,2
DA:5,2
LF:3
LH:3
BRF:0
BRH:0
end_of_record
TN:
SF:src/models/index.js
FNF:0
FNH:0
DA:6,1
DA:7,1
DA:9,1
DA:13,1
DA:20,1
DA:32,1
DA:34,1
LF:7
LH:7
BRDA:13,0,0,1
BRDA:13,0,1,0
BRF:2
BRH:1
end_of_record
TN:
SF:src/models/players.schema.js
FN:3,(anonymous_0)
FNF:1
FNH:1
FNDA:1,(anonymous_0)
DA:3,1
DA:4,1
LF:2
LH:2
BRF:0
BRH:0
end_of_record
TN:
SF:src/routes/players.js
FN:13,(anonymous_0)
FN:25,(anonymous_1)
FN:37,(anonymous_2)
FN:47,(anonymous_3)
FN:61,(anonymous_4)
FNF:5
FNH:1
FNDA:0,(anonymous_0)
FNDA:1,(anonymous_1)
FNDA:0,(anonymous_2)
FNDA:0,(anonymous_3)
FNDA:0,(anonymous_4)
DA:6,1
DA:7,1
DA:9,1
DA:13,1
DA:14,0
DA:15,0
DA:16,0
DA:18,0
DA:19,0
DA:20,0
DA:25,1
DA:26,1
DA:27,1
DA:28,1
DA:29,1
DA:31,0
DA:37,1
DA:38,0
DA:39,0
DA:40,0
DA:42,0
DA:47,1
DA:48,0
DA:49,0
DA:50,0
DA:51,0
DA:52,0
DA:53,0
DA:55,0
DA:61,1
DA:62,0
DA:63,0
DA:64,0
DA:65,0
DA:67,0
DA:71,1
LF:36
LH:13
BRF:0
BRH:0
end_of_record
