TN:
SF:src/server.js
FN:24,(anonymous_0)
FN:32,start
FN:33,(anonymous_2)
FNF:3
FNH:0
FNDA:0,(anonymous_0)
FNDA:0,start
FNDA:0,(anonymous_2)
DA:7,1
DA:8,1
DA:9,1
DA:10,1
DA:11,1
DA:12,1
DA:13,1
DA:14,1
DA:16,1
DA:17,1
DA:18,1
DA:19,1
DA:20,1
DA:24,1
DA:25,0
DA:29,1
DA:30,1
DA:33,0
DA:36,1
LF:19
LH:17
BRDA:12,0,0,1
BRDA:12,0,1,0
BRF:2
BRH:1
end_of_record
TN:
SF:src/handlers/404.js
FN:3,(anonymous_0)
FNF:1
FNH:1
FNDA:1,(anonymous_0)
DA:3,1
DA:4,1
LF:2
LH:2
BRF:0
BRH:0
end_of_record
TN:
SF:src/handlers/500.js
FN:3,(anonymous_0)
FNF:1
FNH:1
FNDA:2,(anonymous_0)
DA:3,1
DA:4,2
DA:5,2
LF:3
LH:3
BRDA:4,0,0,0
BRDA:4,0,1,2
BRF:2
BRH:1
end_of_record
TN:
SF:src/middleware/logger.js
FN:3,(anonymous_0)
FNF:1
FNH:1
FNDA:2,(anonymous_0)
DA:3,1
DA:4,2
DA:5,2
LF:3
LH:3
BRF:0
BRH:0
end_of_record
TN:
SF:src/models/index.js
FNF:0
FNH:0
DA:6,1
DA:7,1
DA:8,1
DA:9,1
DA:10,1
DA:14,1
DA:21,1
DA:30,1
DA:31,1
DA:34,1
DA:35,1
DA:37,1
LF:12
LH:12
BRDA:14,0,0,1
BRDA:14,0,1,0
BRF:2
BRH:1
end_of_record
TN:
SF:src/models/modelInterface.js
FN:4,(anonymous_0)
FN:10,(anonymous_1)
FN:22,(anonymous_2)
FN:40,(anonymous_3)
FN:50,(anonymous_4)
FNF:5
FNH:4
FNDA:2,(anonymous_0)
FNDA:1,(anonymous_1)
FNDA:4,(anonymous_2)
FNDA:0,(anonymous_3)
FNDA:1,(anonymous_4)
DA:5,2
DA:12,1
DA:14,1
DA:15,1
DA:17,0
DA:18,0
DA:23,4
DA:26,4
DA:29,0
DA:31,4
DA:33,4
DA:35,0
DA:36,0
DA:41,0
DA:42,0
DA:43,0
DA:45,0
DA:46,0
DA:53,1
DA:54,1
DA:55,1
DA:56,0
DA:58,1
DA:59,1
DA:66,1
LF:25
LH:14
BRDA:22,0,0,2
BRDA:26,1,0,0
BRDA:26,1,1,4
BRF:3
BRH:2
end_of_record
TN:
SF:src/models/players.schema.js
FN:3,(anonymous_0)
FNF:1
FNH:1
FNDA:1,(anonymous_0)
DA:3,1
DA:4,1
LF:2
LH:2
BRF:0
BRH:0
end_of_record
TN:
SF:src/models/quests.schema.js
FN:3,(anonymous_0)
FNF:1
FNH:1
FNDA:1,(anonymous_0)
DA:3,1
DA:4,1
LF:2
LH:2
BRF:0
BRH:0
end_of_record
TN:
SF:src/routes/players.js
FN:17,(anonymous_0)
FN:27,(anonymous_1)
FN:37,(anonymous_2)
FN:44,(anonymous_3)
FN:54,(anonymous_4)
FN:68,(anonymous_5)
FNF:6
FNH:5
FNDA:1,(anonymous_0)
FNDA:2,(anonymous_1)
FNDA:0,(anonymous_2)
FNDA:2,(anonymous_3)
FNDA:1,(anonymous_4)
FNDA:1,(anonymous_5)
DA:6,1
DA:9,1
DA:10,1
DA:12,1
DA:17,1
DA:18,1
DA:19,1
DA:20,1
DA:22,0
DA:27,1
DA:28,2
DA:29,2
DA:30,2
DA:31,2
DA:33,0
DA:37,1
DA:38,0
DA:39,0
DA:40,0
DA:44,1
DA:45,2
DA:46,2
DA:47,2
DA:49,0
DA:54,1
DA:55,1
DA:56,1
DA:57,1
DA:58,1
DA:59,1
DA:60,0
DA:62,1
DA:68,1
DA:69,1
DA:70,1
DA:71,1
DA:72,1
DA:74,1
DA:78,1
LF:39
LH:32
BRF:0
BRH:0
end_of_record
TN:
SF:src/routes/quests.js
FN:13,(anonymous_0)
FN:23,(anonymous_1)
FN:34,(anonymous_2)
FNF:3
FNH:0
FNDA:0,(anonymous_0)
FNDA:0,(anonymous_1)
FNDA:0,(anonymous_2)
DA:6,1
DA:7,1
DA:8,1
DA:13,1
DA:14,0
DA:15,0
DA:16,0
DA:18,0
DA:23,1
DA:24,0
DA:25,0
DA:26,0
DA:27,0
DA:29,0
DA:34,1
DA:35,0
DA:36,0
DA:37,0
DA:39,0
DA:43,1
LF:20
LH:7
BRF:0
BRH:0
end_of_record
